<?xml version="1.0" encoding="UTF-8"?>
<coverage generated="1759488320051" clover="3.2.0">
  <project timestamp="1759488320052" name="All files">
    <metrics statements="5" coveredstatements="5" conditionals="8" coveredconditionals="8" methods="1" coveredmethods="1" elements="14" coveredelements="14" complexity="0" loc="5" ncloc="5" packages="1" files="1" classes="1"/>
    <file name="Validator.js" path="C:\Users\Aluko\OneDrive\Рабочий стол\validator-username\src\Validator.js">
      <metrics statements="5" coveredstatements="5" conditionals="8" coveredconditionals="8" methods="1" coveredmethods="1"/>
      <line num="3" count="14" type="cond" truecount="2" falsecount="0"/>
      <line num="5" count="11" type="cond" truecount="2" falsecount="0"/>
      <line num="7" count="9" type="cond" truecount="2" falsecount="0"/>
      <line num="9" count="7" type="cond" truecount="2" falsecount="0"/>
      <line num="11" count="6" type="stmt"/>
    </file>
  </project>
</coverage>
