{"C:\\Users\\Aluko\\OneDrive\\Рабочий стол\\validator-username\\src\\Validator.js": {"path":"C:\\Users\\Aluko\\OneDrive\\Рабочий стол\\validator-username\\src\\Validator.js","statementMap":{"0":{"start":{"line":3,"column":4},"end":{"line":3,"column":57}},"1":{"start":{"line":3,"column":44},"end":{"line":3,"column":57}},"2":{"start":{"line":5,"column":4},"end":{"line":5,"column":46}},"3":{"start":{"line":5,"column":33},"end":{"line":5,"column":46}},"4":{"start":{"line":7,"column":4},"end":{"line":7,"column":47}},"5":{"start":{"line":7,"column":34},"end":{"line":7,"column":47}},"6":{"start":{"line":9,"column":4},"end":{"line":9,"column":45}},"7":{"start":{"line":9,"column":32},"end":{"line":9,"column":45}},"8":{"start":{"line":11,"column":4},"end":{"line":11,"column":16}}},"fnMap":{"0":{"name":"(anonymous_0)","decl":{"start":{"line":2,"column":2},"end":{"line":2,"column":3}},"loc":{"start":{"line":2,"column":36},"end":{"line":12,"column":3}},"line":2}},"branchMap":{"0":{"loc":{"start":{"line":3,"column":4},"end":{"line":3,"column":57}},"type":"if","locations":[{"start":{"line":3,"column":4},"end":{"line":3,"column":57}},{"start":{},"end":{}}],"line":3},"1":{"loc":{"start":{"line":5,"column":4},"end":{"line":5,"column":46}},"type":"if","locations":[{"start":{"line":5,"column":4},"end":{"line":5,"column":46}},{"start":{},"end":{}}],"line":5},"2":{"loc":{"start":{"line":7,"column":4},"end":{"line":7,"column":47}},"type":"if","locations":[{"start":{"line":7,"column":4},"end":{"line":7,"column":47}},{"start":{},"end":{}}],"line":7},"3":{"loc":{"start":{"line":9,"column":4},"end":{"line":9,"column":45}},"type":"if","locations":[{"start":{"line":9,"column":4},"end":{"line":9,"column":45}},{"start":{},"end":{}}],"line":9}},"s":{"0":14,"1":3,"2":11,"3":2,"4":9,"5":2,"6":7,"7":1,"8":6},"f":{"0":14},"b":{"0":[3,11],"1":[2,9],"2":[2,7],"3":[1,6]},"_coverageSchema":"1a1c01bbd47fc00a2c39e90264f33305004495a9","hash":"dbd8dbde9e605b1873a9113ffa01912d966d175f"}
}
